0 info it worked if it ends with ok
1 verbose cli [ '/usr/local/bin/node', '/usr/local/bin/npm', 'install' ]
2 info using npm@1.2.18
3 info using node@v0.10.4
4 verbose read json /var/www/html/laravel.nuevo.com-Peva/package.json
5 verbose readDependencies using package.json deps
6 verbose install where, deps [ '/var/www/html/laravel.nuevo.com-Peva',
6 verbose install   [ 'laravel-elixir', 'bootstrap-sass', 'gulp' ] ]
7 verbose from cache /var/www/html/laravel.nuevo.com-Peva/package.json
8 info preinstall @
9 verbose from cache /var/www/html/laravel.nuevo.com-Peva/package.json
10 verbose readDependencies using package.json deps
11 verbose cache add [ 'gulp@^3.8.8', null ]
12 verbose cache add name=undefined spec="gulp@^3.8.8" args=["gulp@^3.8.8",null]
13 verbose parsed url { protocol: null,
13 verbose parsed url   slashes: null,
13 verbose parsed url   auth: null,
13 verbose parsed url   host: null,
13 verbose parsed url   port: null,
13 verbose parsed url   hostname: null,
13 verbose parsed url   hash: null,
13 verbose parsed url   search: null,
13 verbose parsed url   query: null,
13 verbose parsed url   pathname: 'gulp@^3.8.8',
13 verbose parsed url   path: 'gulp@^3.8.8',
13 verbose parsed url   href: 'gulp@^3.8.8' }
14 verbose cache add name="gulp" spec="^3.8.8" args=["gulp","^3.8.8"]
15 verbose parsed url { protocol: null,
15 verbose parsed url   slashes: null,
15 verbose parsed url   auth: null,
15 verbose parsed url   host: null,
15 verbose parsed url   port: null,
15 verbose parsed url   hostname: null,
15 verbose parsed url   hash: null,
15 verbose parsed url   search: null,
15 verbose parsed url   query: null,
15 verbose parsed url   pathname: '^3.8.8',
15 verbose parsed url   path: '^3.8.8',
15 verbose parsed url   href: '^3.8.8' }
16 verbose addNamed [ 'gulp', '^3.8.8' ]
17 verbose addNamed [ null, null ]
18 verbose cache add [ 'laravel-elixir@^2.0.0', null ]
19 verbose cache add name=undefined spec="laravel-elixir@^2.0.0" args=["laravel-elixir@^2.0.0",null]
20 verbose parsed url { protocol: null,
20 verbose parsed url   slashes: null,
20 verbose parsed url   auth: null,
20 verbose parsed url   host: null,
20 verbose parsed url   port: null,
20 verbose parsed url   hostname: null,
20 verbose parsed url   hash: null,
20 verbose parsed url   search: null,
20 verbose parsed url   query: null,
20 verbose parsed url   pathname: 'laravel-elixir@^2.0.0',
20 verbose parsed url   path: 'laravel-elixir@^2.0.0',
20 verbose parsed url   href: 'laravel-elixir@^2.0.0' }
21 verbose cache add name="laravel-elixir" spec="^2.0.0" args=["laravel-elixir","^2.0.0"]
22 verbose parsed url { protocol: null,
22 verbose parsed url   slashes: null,
22 verbose parsed url   auth: null,
22 verbose parsed url   host: null,
22 verbose parsed url   port: null,
22 verbose parsed url   hostname: null,
22 verbose parsed url   hash: null,
22 verbose parsed url   search: null,
22 verbose parsed url   query: null,
22 verbose parsed url   pathname: '^2.0.0',
22 verbose parsed url   path: '^2.0.0',
22 verbose parsed url   href: '^2.0.0' }
23 verbose addNamed [ 'laravel-elixir', '^2.0.0' ]
24 verbose addNamed [ null, null ]
25 verbose cache add [ 'bootstrap-sass@^3.0.0', null ]
26 verbose cache add name=undefined spec="bootstrap-sass@^3.0.0" args=["bootstrap-sass@^3.0.0",null]
27 verbose parsed url { protocol: null,
27 verbose parsed url   slashes: null,
27 verbose parsed url   auth: null,
27 verbose parsed url   host: null,
27 verbose parsed url   port: null,
27 verbose parsed url   hostname: null,
27 verbose parsed url   hash: null,
27 verbose parsed url   search: null,
27 verbose parsed url   query: null,
27 verbose parsed url   pathname: 'bootstrap-sass@^3.0.0',
27 verbose parsed url   path: 'bootstrap-sass@^3.0.0',
27 verbose parsed url   href: 'bootstrap-sass@^3.0.0' }
28 verbose cache add name="bootstrap-sass" spec="^3.0.0" args=["bootstrap-sass","^3.0.0"]
29 verbose parsed url { protocol: null,
29 verbose parsed url   slashes: null,
29 verbose parsed url   auth: null,
29 verbose parsed url   host: null,
29 verbose parsed url   port: null,
29 verbose parsed url   hostname: null,
29 verbose parsed url   hash: null,
29 verbose parsed url   search: null,
29 verbose parsed url   query: null,
29 verbose parsed url   pathname: '^3.0.0',
29 verbose parsed url   path: '^3.0.0',
29 verbose parsed url   href: '^3.0.0' }
30 verbose addNamed [ 'bootstrap-sass', '^3.0.0' ]
31 verbose addNamed [ null, null ]
32 silly lockFile ed47fb09-gulp-3-8-8 gulp@^3.8.8
33 verbose lock gulp@^3.8.8 /root/.npm/ed47fb09-gulp-3-8-8.lock
34 silly lockFile 42d93705-laravel-elixir-2-0-0 laravel-elixir@^2.0.0
35 verbose lock laravel-elixir@^2.0.0 /root/.npm/42d93705-laravel-elixir-2-0-0.lock
36 silly lockFile d9f814aa-bootstrap-sass-3-0-0 bootstrap-sass@^3.0.0
37 verbose lock bootstrap-sass@^3.0.0 /root/.npm/d9f814aa-bootstrap-sass-3-0-0.lock
38 info addNameTag [ 'gulp', '^3.8.8' ]
39 info addNameTag [ 'laravel-elixir', '^2.0.0' ]
40 info addNameTag [ 'bootstrap-sass', '^3.0.0' ]
41 verbose url raw laravel-elixir
42 verbose url resolving [ 'https://registry.npmjs.org/', './laravel-elixir' ]
43 verbose url resolved https://registry.npmjs.org/laravel-elixir
44 info trying registry request attempt 1 at 01:57:00
45 http GET https://registry.npmjs.org/laravel-elixir
46 verbose url raw bootstrap-sass
47 verbose url resolving [ 'https://registry.npmjs.org/', './bootstrap-sass' ]
48 verbose url resolved https://registry.npmjs.org/bootstrap-sass
49 info trying registry request attempt 1 at 01:57:00
50 http GET https://registry.npmjs.org/bootstrap-sass
51 verbose url raw gulp
52 verbose url resolving [ 'https://registry.npmjs.org/', './gulp' ]
53 verbose url resolved https://registry.npmjs.org/gulp
54 info trying registry request attempt 1 at 01:57:00
55 verbose etag "DF6SH71DSOGEDKDZUVXC96MOG"
56 http GET https://registry.npmjs.org/gulp
57 http 304 https://registry.npmjs.org/gulp
58 silly registry.get cb [ 304,
58 silly registry.get   { date: 'Mon, 14 Sep 2015 01:57:00 GMT',
58 silly registry.get     via: '1.1 varnish',
58 silly registry.get     'cache-control': 'max-age=60',
58 silly registry.get     etag: '"DF6SH71DSOGEDKDZUVXC96MOG"',
58 silly registry.get     age: '29',
58 silly registry.get     connection: 'keep-alive',
58 silly registry.get     'x-served-by': 'cache-jfk1026-JFK',
58 silly registry.get     'x-cache': 'HIT',
58 silly registry.get     'x-cache-hits': '1',
58 silly registry.get     'x-timer': 'S1442195820.883665,VS0,VE1',
58 silly registry.get     vary: 'Accept' } ]
59 verbose etag gulp from cache
60 silly lockFile ed47fb09-gulp-3-8-8 gulp@^3.8.8
61 silly lockFile ed47fb09-gulp-3-8-8 gulp@^3.8.8
62 error Error: No compatible version found: gulp@'^3.8.8'
62 error Valid install targets:
62 error ["0.0.1","0.0.2","0.0.3","0.0.4","0.0.5","0.0.7","0.0.8","0.0.9","0.1.0","0.2.0","1.0.0","1.1.0","1.2.0","1.2.1","2.0.0","2.0.1","2.1.0","2.2.0","2.3.0","2.4.0","2.4.1","2.6.0","2.6.1","2.7.0","3.0.0","3.1.1","3.1.2","3.1.3","3.1.4","3.2.0","3.2.1","3.2.2","3.2.3","3.2.4","3.2.5","3.3.0","3.3.1","3.3.2","3.3.4","3.4.0","3.5.0","3.5.1","3.5.2","3.5.5","3.5.6","3.6.0","3.6.1","3.6.2","3.7.0","3.8.0","3.8.1","3.8.2","3.8.3","3.8.4","3.8.5","3.8.6","3.8.7","3.8.8","3.8.9","3.8.10","3.8.11","3.9.0"]
62 error     at installTargetsError (/usr/local/lib/node_modules/npm/lib/cache.js:685:10)
62 error     at /usr/local/lib/node_modules/npm/lib/cache.js:607:10
62 error     at saved (/usr/local/lib/node_modules/npm/node_modules/npm-registry-client/lib/get.js:138:7)
62 error     at Object.oncomplete (fs.js:107:15)
63 error If you need help, you may report this log at:
63 error     <http://github.com/isaacs/npm/issues>
63 error or email it to:
63 error     <npm-@googlegroups.com>
64 error System Linux 4.1.6-200.fc22.x86_64
65 error command "/usr/local/bin/node" "/usr/local/bin/npm" "install"
66 error cwd /var/www/html/laravel.nuevo.com-Peva
67 error node -v v0.10.4
68 error npm -v 1.2.18
69 verbose exit [ 1, true ]
